<?xml version="1.0" encoding="UTF-8"?>
<!-- Generated by org.testng.reporters.JUnitXMLReporter -->
<testsuite ignored="2" hostname="PAVILION" failures="0" tests="0" time="0.011" errors="0" timestamp="2024-12-24T13:35:07 IST">
  <testcase classname="rahulshettyacademy.tests.StandAloneTest" name="StandAlone" time="0.0">
    <ignored/>
  </testcase> <!-- StandAlone -->
  <testcase classname="rahulshettyacademy.tests.StandAloneTest" name="orderHistoryTest" time="0.0">
    <ignored/>
  </testcase> <!-- orderHistoryTest -->
</testsuite>
