<?xml version="1.0" encoding="UTF-8"?>
<!-- Generated by org.testng.reporters.JUnitXMLReporter -->
<testsuite ignored="0" hostname="PAVILION" failures="0" tests="4" name="Test2" time="26.533" errors="0" timestamp="2024-12-25T11:57:14 IST">
  <testcase classname="rahulshettyacademy.tests.StandAloneTest" name="StandAlone" time="5.085"/>
  <testcase classname="rahulshettyacademy.tests.StandAloneTest" name="StandAlone" time="4.867"/>
  <testcase classname="rahulshettyacademy.tests.StandAloneTest" name="orderHistoryTest" time="1.611"/>
  <testcase classname="rahulshettyacademy.tests.StandAloneTest" name="orderHistoryTest" time="1.514"/>
</testsuite> <!-- Test2 -->
